2024-09-16T18:35:58.720-05:00  INFO 7720 --- [main] com.petShop.PetShopApiApplication        : Starting PetShopApiApplication using Java 21.0.4 with PID 7720 (C:\Users\william\Desktop\Temperature\build\classes\java\main started by william in C:\Users\william\Desktop\Temperature)
2024-09-16T18:35:58.896-05:00  INFO 7720 --- [main] com.petShop.PetShopApiApplication        : The following 1 profile is active: "dev"
2024-09-16T18:36:02.112-05:00  INFO 7720 --- [main] .s.d.r.c.RepositoryConfigurationDelegate : Bootstrapping Spring Data JPA repositories in DEFAULT mode.
2024-09-16T18:36:02.651-05:00  INFO 7720 --- [main] .s.d.r.c.RepositoryConfigurationDelegate : Finished Spring Data repository scanning in 482 ms. Found 4 JPA repository interfaces.
2024-09-16T18:36:05.002-05:00  INFO 7720 --- [main] o.s.b.w.embedded.tomcat.TomcatWebServer  : Tomcat initialized with port 8080 (http)
2024-09-16T18:36:05.051-05:00  INFO 7720 --- [main] o.apache.catalina.core.StandardService   : Starting service [Tomcat]
2024-09-16T18:36:05.052-05:00  INFO 7720 --- [main] o.apache.catalina.core.StandardEngine    : Starting Servlet engine: [Apache Tomcat/10.1.25]
2024-09-16T18:36:05.346-05:00  INFO 7720 --- [main] o.a.c.c.C.[.[localhost].[/Temperature]   : Initializing Spring embedded WebApplicationContext
2024-09-16T18:36:05.354-05:00  INFO 7720 --- [main] w.s.c.ServletWebServerApplicationContext : Root WebApplicationContext: initialization completed in 5974 ms
2024-09-16T18:36:06.641-05:00  INFO 7720 --- [main] o.hibernate.jpa.internal.util.LogHelper  : HHH000204: Processing PersistenceUnitInfo [name: default]
2024-09-16T18:36:06.906-05:00  INFO 7720 --- [main] org.hibernate.Version                    : HHH000412: Hibernate ORM core version 6.5.2.Final
2024-09-16T18:36:07.079-05:00  INFO 7720 --- [main] o.h.c.internal.RegionFactoryInitiator    : HHH000026: Second-level cache disabled
2024-09-16T18:36:08.265-05:00  INFO 7720 --- [main] o.s.o.j.p.SpringPersistenceUnitInfo      : No LoadTimeWeaver setup: ignoring JPA class transformer
2024-09-16T18:36:08.367-05:00  INFO 7720 --- [main] com.zaxxer.hikari.HikariDataSource       : HikariPool-1 - Starting...
2024-09-16T18:36:09.507-05:00  INFO 7720 --- [main] com.zaxxer.hikari.pool.HikariPool        : HikariPool-1 - Added connection com.mysql.cj.jdbc.ConnectionImpl@563172d3
2024-09-16T18:36:09.516-05:00  INFO 7720 --- [main] com.zaxxer.hikari.HikariDataSource       : HikariPool-1 - Start completed.
2024-09-16T18:36:09.922-05:00  WARN 7720 --- [main] org.hibernate.orm.deprecation            : HHH90000025: MySQL8Dialect does not need to be specified explicitly using 'hibernate.dialect' (remove the property setting and it will be selected by default)
2024-09-16T18:36:09.930-05:00  WARN 7720 --- [main] org.hibernate.orm.deprecation            : HHH90000026: MySQL8Dialect has been deprecated; use org.hibernate.dialect.MySQLDialect instead
2024-09-16T18:36:13.097-05:00  INFO 7720 --- [main] o.h.e.t.j.p.i.JtaPlatformInitiator       : HHH000489: No JTA platform available (set 'hibernate.transaction.jta.platform' to enable JTA platform integration)
2024-09-16T18:36:13.220-05:00  INFO 7720 --- [main] j.LocalContainerEntityManagerFactoryBean : Initialized JPA EntityManagerFactory for persistence unit 'default'
2024-09-16T18:36:14.569-05:00  WARN 7720 --- [main] ConfigServletWebServerApplicationContext : Exception encountered during context initialization - cancelling refresh attempt: org.springframework.beans.factory.UnsatisfiedDependencyException: Error creating bean with name 'energyConsumptionrRepository': Unsatisfied dependency expressed through field 'energyConsumptionCrudRepository': Error creating bean with name 'energyConsumptionCrudRepository' defined in com.petShop.persistence.crud.EnergyConsumptionCrudRepository defined in @EnableJpaRepositories declared on JpaRepositoriesRegistrar.EnableJpaRepositoriesConfiguration: Could not create query for public abstract java.util.List com.petShop.persistence.crud.EnergyConsumptionCrudRepository.findByIdZona(java.lang.Integer); Reason: Failed to create query for method public abstract java.util.List com.petShop.persistence.crud.EnergyConsumptionCrudRepository.findByIdZona(java.lang.Integer); No property 'zona' found for type 'Integer'; Traversed path: EnergyConsumption.id
2024-09-16T18:36:14.582-05:00  INFO 7720 --- [main] j.LocalContainerEntityManagerFactoryBean : Closing JPA EntityManagerFactory for persistence unit 'default'
2024-09-16T18:36:14.594-05:00  INFO 7720 --- [main] com.zaxxer.hikari.HikariDataSource       : HikariPool-1 - Shutdown initiated...
2024-09-16T18:36:14.638-05:00  INFO 7720 --- [main] com.zaxxer.hikari.HikariDataSource       : HikariPool-1 - Shutdown completed.
2024-09-16T18:36:14.643-05:00  INFO 7720 --- [main] o.apache.catalina.core.StandardService   : Stopping service [Tomcat]
2024-09-16T18:36:14.684-05:00  INFO 7720 --- [main] .s.b.a.l.ConditionEvaluationReportLogger : 

Error starting ApplicationContext. To display the condition evaluation report re-run your application with 'debug' enabled.
2024-09-16T18:36:14.777-05:00 ERROR 7720 --- [main] o.s.boot.SpringApplication               : Application run failed

org.springframework.beans.factory.UnsatisfiedDependencyException: Error creating bean with name 'energyConsumptionrRepository': Unsatisfied dependency expressed through field 'energyConsumptionCrudRepository': Error creating bean with name 'energyConsumptionCrudRepository' defined in com.petShop.persistence.crud.EnergyConsumptionCrudRepository defined in @EnableJpaRepositories declared on JpaRepositoriesRegistrar.EnableJpaRepositoriesConfiguration: Could not create query for public abstract java.util.List com.petShop.persistence.crud.EnergyConsumptionCrudRepository.findByIdZona(java.lang.Integer); Reason: Failed to create query for method public abstract java.util.List com.petShop.persistence.crud.EnergyConsumptionCrudRepository.findByIdZona(java.lang.Integer); No property 'zona' found for type 'Integer'; Traversed path: EnergyConsumption.id
	at org.springframework.beans.factory.annotation.AutowiredAnnotationBeanPostProcessor$AutowiredFieldElement.resolveFieldValue(AutowiredAnnotationBeanPostProcessor.java:787) ~[spring-beans-6.1.10.jar:6.1.10]
	at org.springframework.beans.factory.annotation.AutowiredAnnotationBeanPostProcessor$AutowiredFieldElement.inject(AutowiredAnnotationBeanPostProcessor.java:767) ~[spring-beans-6.1.10.jar:6.1.10]
	at org.springframework.beans.factory.annotation.InjectionMetadata.inject(InjectionMetadata.java:145) ~[spring-beans-6.1.10.jar:6.1.10]
	at org.springframework.beans.factory.annotation.AutowiredAnnotationBeanPostProcessor.postProcessProperties(AutowiredAnnotationBeanPostProcessor.java:508) ~[spring-beans-6.1.10.jar:6.1.10]
	at org.springframework.beans.factory.support.AbstractAutowireCapableBeanFactory.populateBean(AbstractAutowireCapableBeanFactory.java:1421) ~[spring-beans-6.1.10.jar:6.1.10]
	at org.springframework.beans.factory.support.AbstractAutowireCapableBeanFactory.doCreateBean(AbstractAutowireCapableBeanFactory.java:599) ~[spring-beans-6.1.10.jar:6.1.10]
	at org.springframework.beans.factory.support.AbstractAutowireCapableBeanFactory.createBean(AbstractAutowireCapableBeanFactory.java:522) ~[spring-beans-6.1.10.jar:6.1.10]
	at org.springframework.beans.factory.support.AbstractBeanFactory.lambda$doGetBean$0(AbstractBeanFactory.java:337) ~[spring-beans-6.1.10.jar:6.1.10]
	at org.springframework.beans.factory.support.DefaultSingletonBeanRegistry.getSingleton(DefaultSingletonBeanRegistry.java:234) ~[spring-beans-6.1.10.jar:6.1.10]
	at org.springframework.beans.factory.support.AbstractBeanFactory.doGetBean(AbstractBeanFactory.java:335) ~[spring-beans-6.1.10.jar:6.1.10]
	at org.springframework.beans.factory.support.AbstractBeanFactory.getBean(AbstractBeanFactory.java:200) ~[spring-beans-6.1.10.jar:6.1.10]
	at org.springframework.beans.factory.support.DefaultListableBeanFactory.preInstantiateSingletons(DefaultListableBeanFactory.java:975) ~[spring-beans-6.1.10.jar:6.1.10]
	at org.springframework.context.support.AbstractApplicationContext.finishBeanFactoryInitialization(AbstractApplicationContext.java:962) ~[spring-context-6.1.10.jar:6.1.10]
	at org.springframework.context.support.AbstractApplicationContext.refresh(AbstractApplicationContext.java:624) ~[spring-context-6.1.10.jar:6.1.10]
	at org.springframework.boot.web.servlet.context.ServletWebServerApplicationContext.refresh(ServletWebServerApplicationContext.java:146) ~[spring-boot-3.3.1.jar:3.3.1]
	at org.springframework.boot.SpringApplication.refresh(SpringApplication.java:754) ~[spring-boot-3.3.1.jar:3.3.1]
	at org.springframework.boot.SpringApplication.refreshContext(SpringApplication.java:456) ~[spring-boot-3.3.1.jar:3.3.1]
	at org.springframework.boot.SpringApplication.run(SpringApplication.java:335) ~[spring-boot-3.3.1.jar:3.3.1]
	at org.springframework.boot.SpringApplication.run(SpringApplication.java:1363) ~[spring-boot-3.3.1.jar:3.3.1]
	at org.springframework.boot.SpringApplication.run(SpringApplication.java:1352) ~[spring-boot-3.3.1.jar:3.3.1]
	at com.petShop.PetShopApiApplication.main(PetShopApiApplication.java:11) ~[main/:na]
Caused by: org.springframework.beans.factory.BeanCreationException: Error creating bean with name 'energyConsumptionCrudRepository' defined in com.petShop.persistence.crud.EnergyConsumptionCrudRepository defined in @EnableJpaRepositories declared on JpaRepositoriesRegistrar.EnableJpaRepositoriesConfiguration: Could not create query for public abstract java.util.List com.petShop.persistence.crud.EnergyConsumptionCrudRepository.findByIdZona(java.lang.Integer); Reason: Failed to create query for method public abstract java.util.List com.petShop.persistence.crud.EnergyConsumptionCrudRepository.findByIdZona(java.lang.Integer); No property 'zona' found for type 'Integer'; Traversed path: EnergyConsumption.id
	at org.springframework.beans.factory.support.AbstractAutowireCapableBeanFactory.initializeBean(AbstractAutowireCapableBeanFactory.java:1788) ~[spring-beans-6.1.10.jar:6.1.10]
	at org.springframework.beans.factory.support.AbstractAutowireCapableBeanFactory.doCreateBean(AbstractAutowireCapableBeanFactory.java:600) ~[spring-beans-6.1.10.jar:6.1.10]
	at org.springframework.beans.factory.support.AbstractAutowireCapableBeanFactory.createBean(AbstractAutowireCapableBeanFactory.java:522) ~[spring-beans-6.1.10.jar:6.1.10]
	at org.springframework.beans.factory.support.AbstractBeanFactory.lambda$doGetBean$0(AbstractBeanFactory.java:337) ~[spring-beans-6.1.10.jar:6.1.10]
	at org.springframework.beans.factory.support.DefaultSingletonBeanRegistry.getSingleton(DefaultSingletonBeanRegistry.java:234) ~[spring-beans-6.1.10.jar:6.1.10]
	at org.springframework.beans.factory.support.AbstractBeanFactory.doGetBean(AbstractBeanFactory.java:335) ~[spring-beans-6.1.10.jar:6.1.10]
	at org.springframework.beans.factory.support.AbstractBeanFactory.getBean(AbstractBeanFactory.java:200) ~[spring-beans-6.1.10.jar:6.1.10]
	at org.springframework.beans.factory.config.DependencyDescriptor.resolveCandidate(DependencyDescriptor.java:254) ~[spring-beans-6.1.10.jar:6.1.10]
	at org.springframework.beans.factory.support.DefaultListableBeanFactory.doResolveDependency(DefaultListableBeanFactory.java:1443) ~[spring-beans-6.1.10.jar:6.1.10]
	at org.springframework.beans.factory.support.DefaultListableBeanFactory.resolveDependency(DefaultListableBeanFactory.java:1353) ~[spring-beans-6.1.10.jar:6.1.10]
	at org.springframework.beans.factory.annotation.AutowiredAnnotationBeanPostProcessor$AutowiredFieldElement.resolveFieldValue(AutowiredAnnotationBeanPostProcessor.java:784) ~[spring-beans-6.1.10.jar:6.1.10]
	... 20 common frames omitted
Caused by: org.springframework.data.repository.query.QueryCreationException: Could not create query for public abstract java.util.List com.petShop.persistence.crud.EnergyConsumptionCrudRepository.findByIdZona(java.lang.Integer); Reason: Failed to create query for method public abstract java.util.List com.petShop.persistence.crud.EnergyConsumptionCrudRepository.findByIdZona(java.lang.Integer); No property 'zona' found for type 'Integer'; Traversed path: EnergyConsumption.id
	at org.springframework.data.repository.query.QueryCreationException.create(QueryCreationException.java:101) ~[spring-data-commons-3.3.1.jar:3.3.1]
	at org.springframework.data.repository.core.support.QueryExecutorMethodInterceptor.lookupQuery(QueryExecutorMethodInterceptor.java:115) ~[spring-data-commons-3.3.1.jar:3.3.1]
	at org.springframework.data.repository.core.support.QueryExecutorMethodInterceptor.mapMethodsToQuery(QueryExecutorMethodInterceptor.java:99) ~[spring-data-commons-3.3.1.jar:3.3.1]
	at org.springframework.data.repository.core.support.QueryExecutorMethodInterceptor.lambda$new$0(QueryExecutorMethodInterceptor.java:88) ~[spring-data-commons-3.3.1.jar:3.3.1]
	at java.base/java.util.Optional.map(Optional.java:260) ~[na:na]
	at org.springframework.data.repository.core.support.QueryExecutorMethodInterceptor.<init>(QueryExecutorMethodInterceptor.java:88) ~[spring-data-commons-3.3.1.jar:3.3.1]
	at org.springframework.data.repository.core.support.RepositoryFactorySupport.getRepository(RepositoryFactorySupport.java:357) ~[spring-data-commons-3.3.1.jar:3.3.1]
	at org.springframework.data.repository.core.support.RepositoryFactoryBeanSupport.lambda$afterPropertiesSet$5(RepositoryFactoryBeanSupport.java:286) ~[spring-data-commons-3.3.1.jar:3.3.1]
	at org.springframework.data.util.Lazy.getNullable(Lazy.java:135) ~[spring-data-commons-3.3.1.jar:3.3.1]
	at org.springframework.data.util.Lazy.get(Lazy.java:113) ~[spring-data-commons-3.3.1.jar:3.3.1]
	at org.springframework.data.repository.core.support.RepositoryFactoryBeanSupport.afterPropertiesSet(RepositoryFactoryBeanSupport.java:292) ~[spring-data-commons-3.3.1.jar:3.3.1]
	at org.springframework.data.jpa.repository.support.JpaRepositoryFactoryBean.afterPropertiesSet(JpaRepositoryFactoryBean.java:132) ~[spring-data-jpa-3.3.1.jar:3.3.1]
	at org.springframework.beans.factory.support.AbstractAutowireCapableBeanFactory.invokeInitMethods(AbstractAutowireCapableBeanFactory.java:1835) ~[spring-beans-6.1.10.jar:6.1.10]
	at org.springframework.beans.factory.support.AbstractAutowireCapableBeanFactory.initializeBean(AbstractAutowireCapableBeanFactory.java:1784) ~[spring-beans-6.1.10.jar:6.1.10]
	... 30 common frames omitted
Caused by: java.lang.IllegalArgumentException: Failed to create query for method public abstract java.util.List com.petShop.persistence.crud.EnergyConsumptionCrudRepository.findByIdZona(java.lang.Integer); No property 'zona' found for type 'Integer'; Traversed path: EnergyConsumption.id
	at org.springframework.data.jpa.repository.query.PartTreeJpaQuery.<init>(PartTreeJpaQuery.java:107) ~[spring-data-jpa-3.3.1.jar:3.3.1]
	at org.springframework.data.jpa.repository.query.JpaQueryLookupStrategy$CreateQueryLookupStrategy.resolveQuery(JpaQueryLookupStrategy.java:124) ~[spring-data-jpa-3.3.1.jar:3.3.1]
	at org.springframework.data.jpa.repository.query.JpaQueryLookupStrategy$CreateIfNotFoundQueryLookupStrategy.resolveQuery(JpaQueryLookupStrategy.java:258) ~[spring-data-jpa-3.3.1.jar:3.3.1]
	at org.springframework.data.jpa.repository.query.JpaQueryLookupStrategy$AbstractQueryLookupStrategy.resolveQuery(JpaQueryLookupStrategy.java:95) ~[spring-data-jpa-3.3.1.jar:3.3.1]
	at org.springframework.data.repository.core.support.QueryExecutorMethodInterceptor.lookupQuery(QueryExecutorMethodInterceptor.java:111) ~[spring-data-commons-3.3.1.jar:3.3.1]
	... 42 common frames omitted
Caused by: org.springframework.data.mapping.PropertyReferenceException: No property 'zona' found for type 'Integer'; Traversed path: EnergyConsumption.id
	at org.springframework.data.mapping.PropertyPath.<init>(PropertyPath.java:94) ~[spring-data-commons-3.3.1.jar:3.3.1]
	at org.springframework.data.mapping.PropertyPath.create(PropertyPath.java:455) ~[spring-data-commons-3.3.1.jar:3.3.1]
	at org.springframework.data.mapping.PropertyPath.create(PropertyPath.java:431) ~[spring-data-commons-3.3.1.jar:3.3.1]
	at org.springframework.data.mapping.PropertyPath.create(PropertyPath.java:465) ~[spring-data-commons-3.3.1.jar:3.3.1]
	at org.springframework.data.mapping.PropertyPath.create(PropertyPath.java:488) ~[spring-data-commons-3.3.1.jar:3.3.1]
	at org.springframework.data.mapping.PropertyPath.create(PropertyPath.java:431) ~[spring-data-commons-3.3.1.jar:3.3.1]
	at org.springframework.data.mapping.PropertyPath.lambda$from$0(PropertyPath.java:384) ~[spring-data-commons-3.3.1.jar:3.3.1]
	at java.base/java.util.concurrent.ConcurrentMap.computeIfAbsent(ConcurrentMap.java:330) ~[na:na]
	at org.springframework.data.mapping.PropertyPath.from(PropertyPath.java:366) ~[spring-data-commons-3.3.1.jar:3.3.1]
	at org.springframework.data.mapping.PropertyPath.from(PropertyPath.java:344) ~[spring-data-commons-3.3.1.jar:3.3.1]
	at org.springframework.data.repository.query.parser.Part.<init>(Part.java:81) ~[spring-data-commons-3.3.1.jar:3.3.1]
	at org.springframework.data.repository.query.parser.PartTree$OrPart.lambda$new$0(PartTree.java:259) ~[spring-data-commons-3.3.1.jar:3.3.1]
	at java.base/java.util.stream.ReferencePipeline$3$1.accept(ReferencePipeline.java:197) ~[na:na]
	at java.base/java.util.stream.ReferencePipeline$2$1.accept(ReferencePipeline.java:179) ~[na:na]
	at java.base/java.util.Spliterators$ArraySpliterator.forEachRemaining(Spliterators.java:1024) ~[na:na]
	at java.base/java.util.stream.AbstractPipeline.copyInto(AbstractPipeline.java:509) ~[na:na]
	at java.base/java.util.stream.AbstractPipeline.wrapAndCopyInto(AbstractPipeline.java:499) ~[na:na]
	at java.base/java.util.stream.ReduceOps$ReduceOp.evaluateSequential(ReduceOps.java:921) ~[na:na]
	at java.base/java.util.stream.AbstractPipeline.evaluate(AbstractPipeline.java:234) ~[na:na]
	at java.base/java.util.stream.ReferencePipeline.collect(ReferencePipeline.java:682) ~[na:na]
	at org.springframework.data.repository.query.parser.PartTree$OrPart.<init>(PartTree.java:260) ~[spring-data-commons-3.3.1.jar:3.3.1]
	at org.springframework.data.repository.query.parser.PartTree$Predicate.lambda$new$0(PartTree.java:389) ~[spring-data-commons-3.3.1.jar:3.3.1]
	at java.base/java.util.stream.ReferencePipeline$3$1.accept(ReferencePipeline.java:197) ~[na:na]
	at java.base/java.util.stream.ReferencePipeline$2$1.accept(ReferencePipeline.java:179) ~[na:na]
	at java.base/java.util.Spliterators$ArraySpliterator.forEachRemaining(Spliterators.java:1024) ~[na:na]
	at java.base/java.util.stream.AbstractPipeline.copyInto(AbstractPipeline.java:509) ~[na:na]
	at java.base/java.util.stream.AbstractPipeline.wrapAndCopyInto(AbstractPipeline.java:499) ~[na:na]
	at java.base/java.util.stream.ReduceOps$ReduceOp.evaluateSequential(ReduceOps.java:921) ~[na:na]
	at java.base/java.util.stream.AbstractPipeline.evaluate(AbstractPipeline.java:234) ~[na:na]
	at java.base/java.util.stream.ReferencePipeline.collect(ReferencePipeline.java:682) ~[na:na]
	at org.springframework.data.repository.query.parser.PartTree$Predicate.<init>(PartTree.java:390) ~[spring-data-commons-3.3.1.jar:3.3.1]
	at org.springframework.data.repository.query.parser.PartTree.<init>(PartTree.java:103) ~[spring-data-commons-3.3.1.jar:3.3.1]
	at org.springframework.data.jpa.repository.query.PartTreeJpaQuery.<init>(PartTreeJpaQuery.java:101) ~[spring-data-jpa-3.3.1.jar:3.3.1]
	... 46 common frames omitted

2024-09-16T18:39:55.418-05:00  INFO 7508 --- [main] com.petShop.PetShopApiApplication        : Starting PetShopApiApplication using Java 21.0.4 with PID 7508 (C:\Users\william\Desktop\Temperature\build\classes\java\main started by william in C:\Users\william\Desktop\Temperature)
2024-09-16T18:39:55.428-05:00  INFO 7508 --- [main] com.petShop.PetShopApiApplication        : The following 1 profile is active: "dev"
2024-09-16T18:39:57.921-05:00  INFO 7508 --- [main] .s.d.r.c.RepositoryConfigurationDelegate : Bootstrapping Spring Data JPA repositories in DEFAULT mode.
2024-09-16T18:39:58.177-05:00  INFO 7508 --- [main] .s.d.r.c.RepositoryConfigurationDelegate : Finished Spring Data repository scanning in 225 ms. Found 4 JPA repository interfaces.
2024-09-16T18:40:00.167-05:00  INFO 7508 --- [main] o.s.b.w.embedded.tomcat.TomcatWebServer  : Tomcat initialized with port 8080 (http)
2024-09-16T18:40:00.207-05:00  INFO 7508 --- [main] o.apache.catalina.core.StandardService   : Starting service [Tomcat]
2024-09-16T18:40:00.208-05:00  INFO 7508 --- [main] o.apache.catalina.core.StandardEngine    : Starting Servlet engine: [Apache Tomcat/10.1.25]
2024-09-16T18:40:00.357-05:00  INFO 7508 --- [main] o.a.c.c.C.[.[localhost].[/Temperature]   : Initializing Spring embedded WebApplicationContext
2024-09-16T18:40:00.358-05:00  INFO 7508 --- [main] w.s.c.ServletWebServerApplicationContext : Root WebApplicationContext: initialization completed in 4738 ms
2024-09-16T18:40:01.018-05:00  INFO 7508 --- [main] o.hibernate.jpa.internal.util.LogHelper  : HHH000204: Processing PersistenceUnitInfo [name: default]
2024-09-16T18:40:01.225-05:00  INFO 7508 --- [main] org.hibernate.Version                    : HHH000412: Hibernate ORM core version 6.5.2.Final
2024-09-16T18:40:01.354-05:00  INFO 7508 --- [main] o.h.c.internal.RegionFactoryInitiator    : HHH000026: Second-level cache disabled
2024-09-16T18:40:02.490-05:00  INFO 7508 --- [main] o.s.o.j.p.SpringPersistenceUnitInfo      : No LoadTimeWeaver setup: ignoring JPA class transformer
2024-09-16T18:40:02.570-05:00  INFO 7508 --- [main] com.zaxxer.hikari.HikariDataSource       : HikariPool-1 - Starting...
2024-09-16T18:40:03.554-05:00  INFO 7508 --- [main] com.zaxxer.hikari.pool.HikariPool        : HikariPool-1 - Added connection com.mysql.cj.jdbc.ConnectionImpl@6dcf7b6a
2024-09-16T18:40:03.562-05:00  INFO 7508 --- [main] com.zaxxer.hikari.HikariDataSource       : HikariPool-1 - Start completed.
2024-09-16T18:40:03.728-05:00  WARN 7508 --- [main] org.hibernate.orm.deprecation            : HHH90000025: MySQL8Dialect does not need to be specified explicitly using 'hibernate.dialect' (remove the property setting and it will be selected by default)
2024-09-16T18:40:03.732-05:00  WARN 7508 --- [main] org.hibernate.orm.deprecation            : HHH90000026: MySQL8Dialect has been deprecated; use org.hibernate.dialect.MySQLDialect instead
2024-09-16T18:40:07.218-05:00  INFO 7508 --- [main] o.h.e.t.j.p.i.JtaPlatformInitiator       : HHH000489: No JTA platform available (set 'hibernate.transaction.jta.platform' to enable JTA platform integration)
2024-09-16T18:40:07.336-05:00  INFO 7508 --- [main] j.LocalContainerEntityManagerFactoryBean : Initialized JPA EntityManagerFactory for persistence unit 'default'
2024-09-16T18:40:08.785-05:00  WARN 7508 --- [main] JpaBaseConfiguration$JpaWebConfiguration : spring.jpa.open-in-view is enabled by default. Therefore, database queries may be performed during view rendering. Explicitly configure spring.jpa.open-in-view to disable this warning
2024-09-16T18:40:10.184-05:00  INFO 7508 --- [main] o.s.b.w.embedded.tomcat.TomcatWebServer  : Tomcat started on port 8080 (http) with context path '/Temperature'
2024-09-16T18:40:10.212-05:00  INFO 7508 --- [main] com.petShop.PetShopApiApplication        : Started PetShopApiApplication in 16.072 seconds (process running for 17.18)
2024-09-16T18:42:24.445-05:00  INFO 7508 --- [http-nio-8080-exec-2] o.a.c.c.C.[.[localhost].[/Temperature]   : Initializing Spring DispatcherServlet 'dispatcherServlet'
2024-09-16T18:42:24.447-05:00  INFO 7508 --- [http-nio-8080-exec-2] o.s.web.servlet.DispatcherServlet        : Initializing Servlet 'dispatcherServlet'
2024-09-16T18:42:24.454-05:00  INFO 7508 --- [http-nio-8080-exec-2] o.s.web.servlet.DispatcherServlet        : Completed initialization in 6 ms
2024-09-16T18:52:26.955-05:00  INFO 7112 --- [main] com.petShop.PetShopApiApplication        : Starting PetShopApiApplication using Java 21.0.4 with PID 7112 (C:\Users\william\Desktop\Temperature\build\classes\java\main started by william in C:\Users\william\Desktop\Temperature)
2024-09-16T18:52:26.965-05:00  INFO 7112 --- [main] com.petShop.PetShopApiApplication        : The following 1 profile is active: "dev"
2024-09-16T18:52:29.565-05:00  INFO 7112 --- [main] .s.d.r.c.RepositoryConfigurationDelegate : Bootstrapping Spring Data JPA repositories in DEFAULT mode.
2024-09-16T18:52:29.886-05:00  INFO 7112 --- [main] .s.d.r.c.RepositoryConfigurationDelegate : Finished Spring Data repository scanning in 293 ms. Found 4 JPA repository interfaces.
2024-09-16T18:52:32.174-05:00  INFO 7112 --- [main] o.s.b.w.embedded.tomcat.TomcatWebServer  : Tomcat initialized with port 8080 (http)
2024-09-16T18:52:32.235-05:00  INFO 7112 --- [main] o.apache.catalina.core.StandardService   : Starting service [Tomcat]
2024-09-16T18:52:32.236-05:00  INFO 7112 --- [main] o.apache.catalina.core.StandardEngine    : Starting Servlet engine: [Apache Tomcat/10.1.25]
2024-09-16T18:52:32.450-05:00  INFO 7112 --- [main] o.a.c.c.C.[.[localhost].[/Temperature]   : Initializing Spring embedded WebApplicationContext
2024-09-16T18:52:32.452-05:00  INFO 7112 --- [main] w.s.c.ServletWebServerApplicationContext : Root WebApplicationContext: initialization completed in 5250 ms
2024-09-16T18:52:33.117-05:00  INFO 7112 --- [main] o.hibernate.jpa.internal.util.LogHelper  : HHH000204: Processing PersistenceUnitInfo [name: default]
2024-09-16T18:52:33.411-05:00  INFO 7112 --- [main] org.hibernate.Version                    : HHH000412: Hibernate ORM core version 6.5.2.Final
2024-09-16T18:52:33.572-05:00  INFO 7112 --- [main] o.h.c.internal.RegionFactoryInitiator    : HHH000026: Second-level cache disabled
2024-09-16T18:52:34.909-05:00  INFO 7112 --- [main] o.s.o.j.p.SpringPersistenceUnitInfo      : No LoadTimeWeaver setup: ignoring JPA class transformer
2024-09-16T18:52:35.019-05:00  INFO 7112 --- [main] com.zaxxer.hikari.HikariDataSource       : HikariPool-1 - Starting...
2024-09-16T18:52:36.149-05:00  INFO 7112 --- [main] com.zaxxer.hikari.pool.HikariPool        : HikariPool-1 - Added connection com.mysql.cj.jdbc.ConnectionImpl@6dcf7b6a
2024-09-16T18:52:36.158-05:00  INFO 7112 --- [main] com.zaxxer.hikari.HikariDataSource       : HikariPool-1 - Start completed.
2024-09-16T18:52:36.330-05:00  WARN 7112 --- [main] org.hibernate.orm.deprecation            : HHH90000025: MySQL8Dialect does not need to be specified explicitly using 'hibernate.dialect' (remove the property setting and it will be selected by default)
2024-09-16T18:52:36.335-05:00  WARN 7112 --- [main] org.hibernate.orm.deprecation            : HHH90000026: MySQL8Dialect has been deprecated; use org.hibernate.dialect.MySQLDialect instead
2024-09-16T18:52:39.424-05:00  INFO 7112 --- [main] o.h.e.t.j.p.i.JtaPlatformInitiator       : HHH000489: No JTA platform available (set 'hibernate.transaction.jta.platform' to enable JTA platform integration)
2024-09-16T18:52:39.549-05:00  INFO 7112 --- [main] j.LocalContainerEntityManagerFactoryBean : Initialized JPA EntityManagerFactory for persistence unit 'default'
2024-09-16T18:52:41.256-05:00  WARN 7112 --- [main] JpaBaseConfiguration$JpaWebConfiguration : spring.jpa.open-in-view is enabled by default. Therefore, database queries may be performed during view rendering. Explicitly configure spring.jpa.open-in-view to disable this warning
2024-09-16T18:52:42.479-05:00  INFO 7112 --- [main] o.s.b.w.embedded.tomcat.TomcatWebServer  : Tomcat started on port 8080 (http) with context path '/Temperature'
2024-09-16T18:52:42.511-05:00  INFO 7112 --- [main] com.petShop.PetShopApiApplication        : Started PetShopApiApplication in 16.959 seconds (process running for 18.332)
2024-09-16T18:53:18.545-05:00  INFO 7112 --- [http-nio-8080-exec-2] o.a.c.c.C.[.[localhost].[/Temperature]   : Initializing Spring DispatcherServlet 'dispatcherServlet'
2024-09-16T18:53:18.546-05:00  INFO 7112 --- [http-nio-8080-exec-2] o.s.web.servlet.DispatcherServlet        : Initializing Servlet 'dispatcherServlet'
2024-09-16T18:53:18.549-05:00  INFO 7112 --- [http-nio-8080-exec-2] o.s.web.servlet.DispatcherServlet        : Completed initialization in 3 ms
2024-09-16T18:57:14.327-05:00  INFO 2144 --- [main] com.petShop.PetShopApiApplication        : Starting PetShopApiApplication using Java 21.0.4 with PID 2144 (C:\Users\william\Desktop\Temperature\build\classes\java\main started by william in C:\Users\william\Desktop\Temperature)
2024-09-16T18:57:14.334-05:00  INFO 2144 --- [main] com.petShop.PetShopApiApplication        : The following 1 profile is active: "dev"
2024-09-16T18:57:16.893-05:00  INFO 2144 --- [main] .s.d.r.c.RepositoryConfigurationDelegate : Bootstrapping Spring Data JPA repositories in DEFAULT mode.
2024-09-16T18:57:17.202-05:00  INFO 2144 --- [main] .s.d.r.c.RepositoryConfigurationDelegate : Finished Spring Data repository scanning in 276 ms. Found 4 JPA repository interfaces.
2024-09-16T18:57:19.386-05:00  INFO 2144 --- [main] o.s.b.w.embedded.tomcat.TomcatWebServer  : Tomcat initialized with port 8080 (http)
2024-09-16T18:57:19.438-05:00  INFO 2144 --- [main] o.apache.catalina.core.StandardService   : Starting service [Tomcat]
2024-09-16T18:57:19.440-05:00  INFO 2144 --- [main] o.apache.catalina.core.StandardEngine    : Starting Servlet engine: [Apache Tomcat/10.1.25]
2024-09-16T18:57:19.670-05:00  INFO 2144 --- [main] o.a.c.c.C.[.[localhost].[/Temperature]   : Initializing Spring embedded WebApplicationContext
2024-09-16T18:57:19.672-05:00  INFO 2144 --- [main] w.s.c.ServletWebServerApplicationContext : Root WebApplicationContext: initialization completed in 5086 ms
2024-09-16T18:57:20.740-05:00  INFO 2144 --- [main] o.hibernate.jpa.internal.util.LogHelper  : HHH000204: Processing PersistenceUnitInfo [name: default]
2024-09-16T18:57:21.078-05:00  INFO 2144 --- [main] org.hibernate.Version                    : HHH000412: Hibernate ORM core version 6.5.2.Final
2024-09-16T18:57:21.233-05:00  INFO 2144 --- [main] o.h.c.internal.RegionFactoryInitiator    : HHH000026: Second-level cache disabled
2024-09-16T18:57:22.211-05:00  INFO 2144 --- [main] o.s.o.j.p.SpringPersistenceUnitInfo      : No LoadTimeWeaver setup: ignoring JPA class transformer
2024-09-16T18:57:22.349-05:00  INFO 2144 --- [main] com.zaxxer.hikari.HikariDataSource       : HikariPool-1 - Starting...
2024-09-16T18:57:23.462-05:00  INFO 2144 --- [main] com.zaxxer.hikari.pool.HikariPool        : HikariPool-1 - Added connection com.mysql.cj.jdbc.ConnectionImpl@2086d469
2024-09-16T18:57:23.470-05:00  INFO 2144 --- [main] com.zaxxer.hikari.HikariDataSource       : HikariPool-1 - Start completed.
2024-09-16T18:57:23.741-05:00  WARN 2144 --- [main] org.hibernate.orm.deprecation            : HHH90000025: MySQL8Dialect does not need to be specified explicitly using 'hibernate.dialect' (remove the property setting and it will be selected by default)
2024-09-16T18:57:23.745-05:00  WARN 2144 --- [main] org.hibernate.orm.deprecation            : HHH90000026: MySQL8Dialect has been deprecated; use org.hibernate.dialect.MySQLDialect instead
2024-09-16T18:57:27.056-05:00  INFO 2144 --- [main] o.h.e.t.j.p.i.JtaPlatformInitiator       : HHH000489: No JTA platform available (set 'hibernate.transaction.jta.platform' to enable JTA platform integration)
2024-09-16T18:57:27.170-05:00  INFO 2144 --- [main] j.LocalContainerEntityManagerFactoryBean : Initialized JPA EntityManagerFactory for persistence unit 'default'
2024-09-16T18:57:28.738-05:00  WARN 2144 --- [main] JpaBaseConfiguration$JpaWebConfiguration : spring.jpa.open-in-view is enabled by default. Therefore, database queries may be performed during view rendering. Explicitly configure spring.jpa.open-in-view to disable this warning
2024-09-16T18:57:30.103-05:00  INFO 2144 --- [main] o.s.b.w.embedded.tomcat.TomcatWebServer  : Tomcat started on port 8080 (http) with context path '/Temperature'
2024-09-16T18:57:30.193-05:00  INFO 2144 --- [main] com.petShop.PetShopApiApplication        : Started PetShopApiApplication in 17.136 seconds (process running for 18.293)
2024-09-16T18:57:33.536-05:00  INFO 2144 --- [http-nio-8080-exec-2] o.a.c.c.C.[.[localhost].[/Temperature]   : Initializing Spring DispatcherServlet 'dispatcherServlet'
2024-09-16T18:57:33.537-05:00  INFO 2144 --- [http-nio-8080-exec-2] o.s.web.servlet.DispatcherServlet        : Initializing Servlet 'dispatcherServlet'
2024-09-16T18:57:33.539-05:00  INFO 2144 --- [http-nio-8080-exec-2] o.s.web.servlet.DispatcherServlet        : Completed initialization in 2 ms
2024-09-16T19:00:43.066-05:00  INFO 9952 --- [main] com.petShop.PetShopApiApplication        : Starting PetShopApiApplication using Java 21.0.4 with PID 9952 (C:\Users\william\Desktop\Temperature\build\classes\java\main started by william in C:\Users\william\Desktop\Temperature)
2024-09-16T19:00:43.077-05:00  INFO 9952 --- [main] com.petShop.PetShopApiApplication        : The following 1 profile is active: "dev"
2024-09-16T19:00:47.003-05:00  INFO 9952 --- [main] .s.d.r.c.RepositoryConfigurationDelegate : Bootstrapping Spring Data JPA repositories in DEFAULT mode.
2024-09-16T19:00:47.220-05:00  INFO 9952 --- [main] .s.d.r.c.RepositoryConfigurationDelegate : Finished Spring Data repository scanning in 186 ms. Found 4 JPA repository interfaces.
2024-09-16T19:00:49.553-05:00  INFO 9952 --- [main] o.s.b.w.embedded.tomcat.TomcatWebServer  : Tomcat initialized with port 8080 (http)
2024-09-16T19:00:49.601-05:00  INFO 9952 --- [main] o.apache.catalina.core.StandardService   : Starting service [Tomcat]
2024-09-16T19:00:49.602-05:00  INFO 9952 --- [main] o.apache.catalina.core.StandardEngine    : Starting Servlet engine: [Apache Tomcat/10.1.25]
2024-09-16T19:00:49.825-05:00  INFO 9952 --- [main] o.a.c.c.C.[.[localhost].[/Temperature]   : Initializing Spring embedded WebApplicationContext
2024-09-16T19:00:49.827-05:00  INFO 9952 --- [main] w.s.c.ServletWebServerApplicationContext : Root WebApplicationContext: initialization completed in 6319 ms
2024-09-16T19:00:50.403-05:00  INFO 9952 --- [main] o.hibernate.jpa.internal.util.LogHelper  : HHH000204: Processing PersistenceUnitInfo [name: default]
2024-09-16T19:00:50.650-05:00  INFO 9952 --- [main] org.hibernate.Version                    : HHH000412: Hibernate ORM core version 6.5.2.Final
2024-09-16T19:00:50.841-05:00  INFO 9952 --- [main] o.h.c.internal.RegionFactoryInitiator    : HHH000026: Second-level cache disabled
2024-09-16T19:00:51.993-05:00  INFO 9952 --- [main] o.s.o.j.p.SpringPersistenceUnitInfo      : No LoadTimeWeaver setup: ignoring JPA class transformer
2024-09-16T19:00:52.096-05:00  INFO 9952 --- [main] com.zaxxer.hikari.HikariDataSource       : HikariPool-1 - Starting...
2024-09-16T19:00:53.297-05:00  INFO 9952 --- [main] com.zaxxer.hikari.pool.HikariPool        : HikariPool-1 - Added connection com.mysql.cj.jdbc.ConnectionImpl@3193e21d
2024-09-16T19:00:53.303-05:00  INFO 9952 --- [main] com.zaxxer.hikari.HikariDataSource       : HikariPool-1 - Start completed.
2024-09-16T19:00:53.410-05:00  WARN 9952 --- [main] org.hibernate.orm.deprecation            : HHH90000025: MySQL8Dialect does not need to be specified explicitly using 'hibernate.dialect' (remove the property setting and it will be selected by default)
2024-09-16T19:00:53.413-05:00  WARN 9952 --- [main] org.hibernate.orm.deprecation            : HHH90000026: MySQL8Dialect has been deprecated; use org.hibernate.dialect.MySQLDialect instead
2024-09-16T19:00:57.214-05:00  INFO 9952 --- [main] o.h.e.t.j.p.i.JtaPlatformInitiator       : HHH000489: No JTA platform available (set 'hibernate.transaction.jta.platform' to enable JTA platform integration)
2024-09-16T19:00:57.339-05:00  INFO 9952 --- [main] j.LocalContainerEntityManagerFactoryBean : Initialized JPA EntityManagerFactory for persistence unit 'default'
2024-09-16T19:00:59.309-05:00  WARN 9952 --- [main] JpaBaseConfiguration$JpaWebConfiguration : spring.jpa.open-in-view is enabled by default. Therefore, database queries may be performed during view rendering. Explicitly configure spring.jpa.open-in-view to disable this warning
2024-09-16T19:01:01.340-05:00  INFO 9952 --- [main] o.s.b.w.embedded.tomcat.TomcatWebServer  : Tomcat started on port 8080 (http) with context path '/Temperature'
2024-09-16T19:01:01.367-05:00  INFO 9952 --- [main] com.petShop.PetShopApiApplication        : Started PetShopApiApplication in 19.729 seconds (process running for 20.905)
2024-09-16T19:01:05.680-05:00  INFO 9952 --- [http-nio-8080-exec-2] o.a.c.c.C.[.[localhost].[/Temperature]   : Initializing Spring DispatcherServlet 'dispatcherServlet'
2024-09-16T19:01:05.681-05:00  INFO 9952 --- [http-nio-8080-exec-2] o.s.web.servlet.DispatcherServlet        : Initializing Servlet 'dispatcherServlet'
2024-09-16T19:01:05.685-05:00  INFO 9952 --- [http-nio-8080-exec-2] o.s.web.servlet.DispatcherServlet        : Completed initialization in 3 ms
2024-09-16T19:01:30.643-05:00  INFO 6500 --- [main] com.petShop.PetShopApiApplication        : Starting PetShopApiApplication using Java 21.0.4 with PID 6500 (C:\Users\william\Desktop\Temperature\build\classes\java\main started by william in C:\Users\william\Desktop\Temperature)
2024-09-16T19:01:30.661-05:00  INFO 6500 --- [main] com.petShop.PetShopApiApplication        : The following 1 profile is active: "dev"
2024-09-16T19:01:33.371-05:00  INFO 6500 --- [main] .s.d.r.c.RepositoryConfigurationDelegate : Bootstrapping Spring Data JPA repositories in DEFAULT mode.
2024-09-16T19:01:33.630-05:00  INFO 6500 --- [main] .s.d.r.c.RepositoryConfigurationDelegate : Finished Spring Data repository scanning in 231 ms. Found 4 JPA repository interfaces.
2024-09-16T19:01:39.198-05:00  INFO 6500 --- [main] o.s.b.w.embedded.tomcat.TomcatWebServer  : Tomcat initialized with port 8080 (http)
2024-09-16T19:01:39.226-05:00  INFO 6500 --- [main] o.apache.catalina.core.StandardService   : Starting service [Tomcat]
2024-09-16T19:01:39.227-05:00  INFO 6500 --- [main] o.apache.catalina.core.StandardEngine    : Starting Servlet engine: [Apache Tomcat/10.1.25]
2024-09-16T19:01:39.411-05:00  INFO 6500 --- [main] o.a.c.c.C.[.[localhost].[/Temperature]   : Initializing Spring embedded WebApplicationContext
2024-09-16T19:01:39.412-05:00  INFO 6500 --- [main] w.s.c.ServletWebServerApplicationContext : Root WebApplicationContext: initialization completed in 8515 ms
2024-09-16T19:01:40.220-05:00  INFO 6500 --- [main] o.hibernate.jpa.internal.util.LogHelper  : HHH000204: Processing PersistenceUnitInfo [name: default]
2024-09-16T19:01:40.743-05:00  INFO 6500 --- [main] org.hibernate.Version                    : HHH000412: Hibernate ORM core version 6.5.2.Final
2024-09-16T19:01:40.929-05:00  INFO 6500 --- [main] o.h.c.internal.RegionFactoryInitiator    : HHH000026: Second-level cache disabled
2024-09-16T19:01:41.993-05:00  INFO 6500 --- [main] o.s.o.j.p.SpringPersistenceUnitInfo      : No LoadTimeWeaver setup: ignoring JPA class transformer
2024-09-16T19:01:42.106-05:00  INFO 6500 --- [main] com.zaxxer.hikari.HikariDataSource       : HikariPool-1 - Starting...
2024-09-16T19:01:43.331-05:00  INFO 6500 --- [main] com.zaxxer.hikari.pool.HikariPool        : HikariPool-1 - Added connection com.mysql.cj.jdbc.ConnectionImpl@53dba9cd
2024-09-16T19:01:43.338-05:00  INFO 6500 --- [main] com.zaxxer.hikari.HikariDataSource       : HikariPool-1 - Start completed.
2024-09-16T19:01:43.573-05:00  WARN 6500 --- [main] org.hibernate.orm.deprecation            : HHH90000025: MySQL8Dialect does not need to be specified explicitly using 'hibernate.dialect' (remove the property setting and it will be selected by default)
2024-09-16T19:01:43.603-05:00  WARN 6500 --- [main] org.hibernate.orm.deprecation            : HHH90000026: MySQL8Dialect has been deprecated; use org.hibernate.dialect.MySQLDialect instead
2024-09-16T19:01:47.508-05:00  INFO 6500 --- [main] o.h.e.t.j.p.i.JtaPlatformInitiator       : HHH000489: No JTA platform available (set 'hibernate.transaction.jta.platform' to enable JTA platform integration)
2024-09-16T19:01:47.629-05:00  INFO 6500 --- [main] j.LocalContainerEntityManagerFactoryBean : Initialized JPA EntityManagerFactory for persistence unit 'default'
2024-09-16T19:01:49.261-05:00  WARN 6500 --- [main] JpaBaseConfiguration$JpaWebConfiguration : spring.jpa.open-in-view is enabled by default. Therefore, database queries may be performed during view rendering. Explicitly configure spring.jpa.open-in-view to disable this warning
2024-09-16T19:01:50.709-05:00  INFO 6500 --- [main] o.s.b.w.embedded.tomcat.TomcatWebServer  : Tomcat started on port 8080 (http) with context path '/Temperature'
2024-09-16T19:01:50.740-05:00  INFO 6500 --- [main] com.petShop.PetShopApiApplication        : Started PetShopApiApplication in 21.686 seconds (process running for 22.976)
2024-09-16T19:06:35.043-05:00  INFO 8568 --- [main] com.petShop.PetShopApiApplication        : Starting PetShopApiApplication using Java 21.0.4 with PID 8568 (C:\Users\william\Desktop\Temperature\build\classes\java\main started by william in C:\Users\william\Desktop\Temperature)
2024-09-16T19:06:35.057-05:00  INFO 8568 --- [main] com.petShop.PetShopApiApplication        : The following 1 profile is active: "dev"
2024-09-16T19:06:37.554-05:00  INFO 8568 --- [main] .s.d.r.c.RepositoryConfigurationDelegate : Bootstrapping Spring Data JPA repositories in DEFAULT mode.
2024-09-16T19:06:37.835-05:00  INFO 8568 --- [main] .s.d.r.c.RepositoryConfigurationDelegate : Finished Spring Data repository scanning in 253 ms. Found 4 JPA repository interfaces.
2024-09-16T19:06:40.662-05:00  INFO 8568 --- [main] o.s.b.w.embedded.tomcat.TomcatWebServer  : Tomcat initialized with port 8080 (http)
2024-09-16T19:06:40.705-05:00  INFO 8568 --- [main] o.apache.catalina.core.StandardService   : Starting service [Tomcat]
2024-09-16T19:06:40.706-05:00  INFO 8568 --- [main] o.apache.catalina.core.StandardEngine    : Starting Servlet engine: [Apache Tomcat/10.1.25]
2024-09-16T19:06:40.885-05:00  INFO 8568 --- [main] o.a.c.c.C.[.[localhost].[/Temperature]   : Initializing Spring embedded WebApplicationContext
2024-09-16T19:06:40.887-05:00  INFO 8568 --- [main] w.s.c.ServletWebServerApplicationContext : Root WebApplicationContext: initialization completed in 5593 ms
2024-09-16T19:06:41.765-05:00  INFO 8568 --- [main] o.hibernate.jpa.internal.util.LogHelper  : HHH000204: Processing PersistenceUnitInfo [name: default]
2024-09-16T19:06:41.995-05:00  INFO 8568 --- [main] org.hibernate.Version                    : HHH000412: Hibernate ORM core version 6.5.2.Final
2024-09-16T19:06:42.149-05:00  INFO 8568 --- [main] o.h.c.internal.RegionFactoryInitiator    : HHH000026: Second-level cache disabled
2024-09-16T19:06:43.490-05:00  INFO 8568 --- [main] o.s.o.j.p.SpringPersistenceUnitInfo      : No LoadTimeWeaver setup: ignoring JPA class transformer
2024-09-16T19:06:43.581-05:00  INFO 8568 --- [main] com.zaxxer.hikari.HikariDataSource       : HikariPool-1 - Starting...
2024-09-16T19:06:44.755-05:00  INFO 8568 --- [main] com.zaxxer.hikari.pool.HikariPool        : HikariPool-1 - Added connection com.mysql.cj.jdbc.ConnectionImpl@17c53dfb
2024-09-16T19:06:44.762-05:00  INFO 8568 --- [main] com.zaxxer.hikari.HikariDataSource       : HikariPool-1 - Start completed.
2024-09-16T19:06:44.974-05:00  WARN 8568 --- [main] org.hibernate.orm.deprecation            : HHH90000025: MySQL8Dialect does not need to be specified explicitly using 'hibernate.dialect' (remove the property setting and it will be selected by default)
2024-09-16T19:06:44.978-05:00  WARN 8568 --- [main] org.hibernate.orm.deprecation            : HHH90000026: MySQL8Dialect has been deprecated; use org.hibernate.dialect.MySQLDialect instead
2024-09-16T19:06:47.438-05:00  INFO 8568 --- [main] o.h.e.t.j.p.i.JtaPlatformInitiator       : HHH000489: No JTA platform available (set 'hibernate.transaction.jta.platform' to enable JTA platform integration)
2024-09-16T19:06:47.548-05:00  INFO 8568 --- [main] j.LocalContainerEntityManagerFactoryBean : Initialized JPA EntityManagerFactory for persistence unit 'default'
2024-09-16T19:06:48.993-05:00  WARN 8568 --- [main] JpaBaseConfiguration$JpaWebConfiguration : spring.jpa.open-in-view is enabled by default. Therefore, database queries may be performed during view rendering. Explicitly configure spring.jpa.open-in-view to disable this warning
2024-09-16T19:06:50.148-05:00  INFO 8568 --- [main] o.s.b.w.embedded.tomcat.TomcatWebServer  : Tomcat started on port 8080 (http) with context path '/Temperature'
2024-09-16T19:06:50.176-05:00  INFO 8568 --- [main] com.petShop.PetShopApiApplication        : Started PetShopApiApplication in 16.413 seconds (process running for 17.522)
2024-09-16T19:07:17.675-05:00  INFO 8568 --- [http-nio-8080-exec-2] o.a.c.c.C.[.[localhost].[/Temperature]   : Initializing Spring DispatcherServlet 'dispatcherServlet'
2024-09-16T19:07:17.677-05:00  INFO 8568 --- [http-nio-8080-exec-2] o.s.web.servlet.DispatcherServlet        : Initializing Servlet 'dispatcherServlet'
2024-09-16T19:07:17.680-05:00  INFO 8568 --- [http-nio-8080-exec-2] o.s.web.servlet.DispatcherServlet        : Completed initialization in 3 ms
2024-09-16T19:10:46.940-05:00  WARN 8568 --- [http-nio-8080-exec-7] .w.s.m.s.DefaultHandlerExceptionResolver : Resolved [org.springframework.web.HttpRequestMethodNotSupportedException: Request method 'POST' is not supported]
2024-09-16T19:12:45.852-05:00  WARN 8568 --- [http-nio-8080-exec-3] .w.s.m.s.DefaultHandlerExceptionResolver : Resolved [org.springframework.web.HttpRequestMethodNotSupportedException: Request method 'POST' is not supported]
2024-09-16T19:18:46.339-05:00  WARN 8568 --- [http-nio-8080-exec-5] .w.s.m.s.DefaultHandlerExceptionResolver : Resolved [org.springframework.web.method.annotation.MethodArgumentTypeMismatchException: Failed to convert value of type 'java.lang.String' to required type 'int'; For input string: "45GRADOSCENTIGRADOS"]
2024-09-16T19:19:19.877-05:00  WARN 8568 --- [http-nio-8080-exec-7] .w.s.m.s.DefaultHandlerExceptionResolver : Resolved [org.springframework.web.method.annotation.MethodArgumentTypeMismatchException: Failed to convert value of type 'java.lang.String' to required type 'int'; For input string: "45GRADOSCENTIGRADOS"]
2024-09-16T19:20:14.103-05:00  INFO 2484 --- [main] com.petShop.PetShopApiApplication        : Starting PetShopApiApplication using Java 21.0.4 with PID 2484 (C:\Users\william\Desktop\Temperature\build\classes\java\main started by william in C:\Users\william\Desktop\Temperature)
2024-09-16T19:20:14.120-05:00  INFO 2484 --- [main] com.petShop.PetShopApiApplication        : The following 1 profile is active: "dev"
2024-09-16T19:20:16.643-05:00  INFO 2484 --- [main] .s.d.r.c.RepositoryConfigurationDelegate : Bootstrapping Spring Data JPA repositories in DEFAULT mode.
2024-09-16T19:20:16.950-05:00  INFO 2484 --- [main] .s.d.r.c.RepositoryConfigurationDelegate : Finished Spring Data repository scanning in 275 ms. Found 4 JPA repository interfaces.
2024-09-16T19:20:18.987-05:00  INFO 2484 --- [main] o.s.b.w.embedded.tomcat.TomcatWebServer  : Tomcat initialized with port 8080 (http)
2024-09-16T19:20:19.035-05:00  INFO 2484 --- [main] o.apache.catalina.core.StandardService   : Starting service [Tomcat]
2024-09-16T19:20:19.036-05:00  INFO 2484 --- [main] o.apache.catalina.core.StandardEngine    : Starting Servlet engine: [Apache Tomcat/10.1.25]
2024-09-16T19:20:19.219-05:00  INFO 2484 --- [main] o.a.c.c.C.[.[localhost].[/Temperature]   : Initializing Spring embedded WebApplicationContext
2024-09-16T19:20:19.221-05:00  INFO 2484 --- [main] w.s.c.ServletWebServerApplicationContext : Root WebApplicationContext: initialization completed in 4884 ms
2024-09-16T19:20:19.992-05:00  INFO 2484 --- [main] o.hibernate.jpa.internal.util.LogHelper  : HHH000204: Processing PersistenceUnitInfo [name: default]
2024-09-16T19:20:20.326-05:00  INFO 2484 --- [main] org.hibernate.Version                    : HHH000412: Hibernate ORM core version 6.5.2.Final
2024-09-16T19:20:20.465-05:00  INFO 2484 --- [main] o.h.c.internal.RegionFactoryInitiator    : HHH000026: Second-level cache disabled
2024-09-16T19:20:21.472-05:00  INFO 2484 --- [main] o.s.o.j.p.SpringPersistenceUnitInfo      : No LoadTimeWeaver setup: ignoring JPA class transformer
2024-09-16T19:20:21.607-05:00  INFO 2484 --- [main] com.zaxxer.hikari.HikariDataSource       : HikariPool-1 - Starting...
2024-09-16T19:20:22.757-05:00  INFO 2484 --- [main] com.zaxxer.hikari.pool.HikariPool        : HikariPool-1 - Added connection com.mysql.cj.jdbc.ConnectionImpl@184de357
2024-09-16T19:20:22.766-05:00  INFO 2484 --- [main] com.zaxxer.hikari.HikariDataSource       : HikariPool-1 - Start completed.
2024-09-16T19:20:22.921-05:00  WARN 2484 --- [main] org.hibernate.orm.deprecation            : HHH90000025: MySQL8Dialect does not need to be specified explicitly using 'hibernate.dialect' (remove the property setting and it will be selected by default)
2024-09-16T19:20:22.926-05:00  WARN 2484 --- [main] org.hibernate.orm.deprecation            : HHH90000026: MySQL8Dialect has been deprecated; use org.hibernate.dialect.MySQLDialect instead
2024-09-16T19:20:25.450-05:00  INFO 2484 --- [main] o.h.e.t.j.p.i.JtaPlatformInitiator       : HHH000489: No JTA platform available (set 'hibernate.transaction.jta.platform' to enable JTA platform integration)
2024-09-16T19:20:25.559-05:00  INFO 2484 --- [main] j.LocalContainerEntityManagerFactoryBean : Initialized JPA EntityManagerFactory for persistence unit 'default'
2024-09-16T19:20:27.048-05:00  WARN 2484 --- [main] JpaBaseConfiguration$JpaWebConfiguration : spring.jpa.open-in-view is enabled by default. Therefore, database queries may be performed during view rendering. Explicitly configure spring.jpa.open-in-view to disable this warning
2024-09-16T19:20:28.259-05:00  INFO 2484 --- [main] o.s.b.w.embedded.tomcat.TomcatWebServer  : Tomcat started on port 8080 (http) with context path '/Temperature'
2024-09-16T19:20:28.290-05:00  INFO 2484 --- [main] com.petShop.PetShopApiApplication        : Started PetShopApiApplication in 15.512 seconds (process running for 16.612)
2024-09-16T19:41:17.610-05:00  INFO 6264 --- [main] com.petShop.PetShopApiApplication        : Starting PetShopApiApplication using Java 21.0.4 with PID 6264 (C:\Users\william\Desktop\Tempeartura\build\classes\java\main started by william in C:\Users\william\Desktop\Tempeartura)
2024-09-16T19:41:17.610-05:00  INFO 6264 --- [main] com.petShop.PetShopApiApplication        : The following 1 profile is active: "dev"
2024-09-16T19:41:20.807-05:00  INFO 6264 --- [main] .s.d.r.c.RepositoryConfigurationDelegate : Bootstrapping Spring Data JPA repositories in DEFAULT mode.
2024-09-16T19:41:21.112-05:00  INFO 6264 --- [main] .s.d.r.c.RepositoryConfigurationDelegate : Finished Spring Data repository scanning in 276 ms. Found 4 JPA repository interfaces.
2024-09-16T19:41:24.679-05:00  INFO 6264 --- [main] o.s.b.w.embedded.tomcat.TomcatWebServer  : Tomcat initialized with port 8080 (http)
2024-09-16T19:41:24.726-05:00  INFO 6264 --- [main] o.apache.catalina.core.StandardService   : Starting service [Tomcat]
2024-09-16T19:41:24.726-05:00  INFO 6264 --- [main] o.apache.catalina.core.StandardEngine    : Starting Servlet engine: [Apache Tomcat/10.1.25]
2024-09-16T19:41:24.906-05:00  INFO 6264 --- [main] o.a.c.c.C.[.[localhost].[/Temperature]   : Initializing Spring embedded WebApplicationContext
2024-09-16T19:41:24.906-05:00  INFO 6264 --- [main] w.s.c.ServletWebServerApplicationContext : Root WebApplicationContext: initialization completed in 6980 ms
2024-09-16T19:41:25.559-05:00  INFO 6264 --- [main] o.hibernate.jpa.internal.util.LogHelper  : HHH000204: Processing PersistenceUnitInfo [name: default]
2024-09-16T19:41:25.779-05:00  INFO 6264 --- [main] org.hibernate.Version                    : HHH000412: Hibernate ORM core version 6.5.2.Final
2024-09-16T19:41:25.992-05:00  INFO 6264 --- [main] o.h.c.internal.RegionFactoryInitiator    : HHH000026: Second-level cache disabled
2024-09-16T19:41:27.219-05:00  INFO 6264 --- [main] o.s.o.j.p.SpringPersistenceUnitInfo      : No LoadTimeWeaver setup: ignoring JPA class transformer
2024-09-16T19:41:27.313-05:00  INFO 6264 --- [main] com.zaxxer.hikari.HikariDataSource       : HikariPool-1 - Starting...
2024-09-16T19:41:29.126-05:00  INFO 6264 --- [main] com.zaxxer.hikari.pool.HikariPool        : HikariPool-1 - Added connection com.mysql.cj.jdbc.ConnectionImpl@b1d19ff
2024-09-16T19:41:29.126-05:00  INFO 6264 --- [main] com.zaxxer.hikari.HikariDataSource       : HikariPool-1 - Start completed.
2024-09-16T19:41:29.270-05:00  WARN 6264 --- [main] org.hibernate.orm.deprecation            : HHH90000025: MySQL8Dialect does not need to be specified explicitly using 'hibernate.dialect' (remove the property setting and it will be selected by default)
2024-09-16T19:41:29.286-05:00  WARN 6264 --- [main] org.hibernate.orm.deprecation            : HHH90000026: MySQL8Dialect has been deprecated; use org.hibernate.dialect.MySQLDialect instead
2024-09-16T19:41:31.677-05:00  INFO 6264 --- [main] o.h.e.t.j.p.i.JtaPlatformInitiator       : HHH000489: No JTA platform available (set 'hibernate.transaction.jta.platform' to enable JTA platform integration)
2024-09-16T19:41:31.802-05:00  INFO 6264 --- [main] j.LocalContainerEntityManagerFactoryBean : Initialized JPA EntityManagerFactory for persistence unit 'default'
2024-09-16T19:41:33.311-05:00  WARN 6264 --- [main] JpaBaseConfiguration$JpaWebConfiguration : spring.jpa.open-in-view is enabled by default. Therefore, database queries may be performed during view rendering. Explicitly configure spring.jpa.open-in-view to disable this warning
2024-09-16T19:41:34.633-05:00  INFO 6264 --- [main] o.s.b.w.embedded.tomcat.TomcatWebServer  : Tomcat started on port 8080 (http) with context path '/Temperature'
2024-09-16T19:41:34.672-05:00  INFO 6264 --- [main] com.petShop.PetShopApiApplication        : Started PetShopApiApplication in 18.406 seconds (process running for 21.689)
